Build started 4/17/2019 11:25:16 PM.
     1>Project "C:\Users\me\Documents\Visual Studio 2013\Projects\malserver\malserver\malserver.vcxproj" on node 2 (Build target(s)).
     1>ClCompile:
         C:\Program Files\Microsoft Visual Studio 12.0\VC\bin\CL.exe /c /Zi /nologo /W3 /WX- /sdl- /O2 /Oi /Oy- /GL /D _MBCS /Gm- /EHsc /MD /GS /Gy /fp:precise /Zc:wchar_t /Zc:forScope /Fo"Release\\" /Fd"Release\vc120.pdb" /Gd /TP /analyze- /errorReport:prompt Source.cpp
         Source.cpp
     1>Source.cpp(181): warning C4996: 'strcpy': This function or variable may be unsafe. Consider using strcpy_s instead. To disable deprecation, use _CRT_SECURE_NO_WARNINGS. See online help for details.
                 C:\Program Files\Microsoft Visual Studio 12.0\VC\include\string.h(112) : see declaration of 'strcpy'
     1>Source.cpp(242): warning C4996: 'scanf': This function or variable may be unsafe. Consider using scanf_s instead. To disable deprecation, use _CRT_SECURE_NO_WARNINGS. See online help for details.
                 C:\Program Files\Microsoft Visual Studio 12.0\VC\include\stdio.h(283) : see declaration of 'scanf'
     1>Source.cpp(234): warning C4101: 'recvbuf' : unreferenced local variable
     1>Source.cpp(232): warning C4101: 'iResult' : unreferenced local variable
     1>Source.cpp(233): warning C4101: 'iSendResult' : unreferenced local variable
       Link:
         C:\Program Files\Microsoft Visual Studio 12.0\VC\bin\link.exe /ERRORREPORT:PROMPT /OUT:"C:\Users\me\Documents\Visual Studio 2013\Projects\malserver\Release\malserver.exe" /NOLOGO ws2_32.lib kernel32.lib user32.lib gdi32.lib winspool.lib comdlg32.lib advapi32.lib shell32.lib ole32.lib oleaut32.lib uuid.lib odbc32.lib odbccp32.lib kernel32.lib user32.lib gdi32.lib winspool.lib comdlg32.lib advapi32.lib shell32.lib ole32.lib oleaut32.lib uuid.lib odbc32.lib odbccp32.lib /MANIFEST /MANIFESTUAC:"level='asInvoker' uiAccess='false'" /manifest:embed /DEBUG /PDB:"C:\Users\me\Documents\Visual Studio 2013\Projects\malserver\Release\malserver.pdb" /OPT:REF /OPT:ICF /LTCG /TLBID:1 /DYNAMICBASE /NXCOMPAT /IMPLIB:"C:\Users\me\Documents\Visual Studio 2013\Projects\malserver\Release\malserver.lib" /MACHINE:X86 /SAFESEH Release\Source.obj
         Generating code
     1>c:\users\me\documents\visual studio 2013\projects\malserver\malserver\source.cpp(163): warning C4715: 'WeShutdownSocket' : not all control paths return a value
     1>c:\users\me\documents\visual studio 2013\projects\malserver\malserver\source.cpp(150): warning C4715: 'WeInitSocket' : not all control paths return a value
     1>c:\users\me\documents\visual studio 2013\projects\malserver\malserver\source.cpp(226): warning C4715: 'WeRecvData' : not all control paths return a value
         Finished generating code
         malserver.vcxproj -> C:\Users\me\Documents\Visual Studio 2013\Projects\malserver\Release\malserver.exe
     1>Done Building Project "C:\Users\me\Documents\Visual Studio 2013\Projects\malserver\malserver\malserver.vcxproj" (Build target(s)).

Build succeeded.

Time Elapsed 00:00:00.91
